<?xml version="1.0" encoding="UTF-8"?>
<testsuite xmlns:xsi="http://www.w3.org/2001/XMLSchema-instance" xsi:noNamespaceSchemaLocation="https://maven.apache.org/surefire/maven-surefire-plugin/xsd/surefire-test-report-3.0.xsd" version="3.0" name="com.learn.AppTest" time="0.005" tests="1" errors="0" skipped="0" failures="0">
  <properties>
    <property name="gopherProxySet" value="false"/>
    <property name="awt.toolkit" value="sun.lwawt.macosx.LWCToolkit"/>
    <property name="file.encoding.pkg" value="sun.io"/>
    <property name="java.specification.version" value="1.8"/>
    <property name="sun.cpu.isalist" value=""/>
    <property name="sun.jnu.encoding" value="UTF-8"/>
    <property name="java.class.path" value="/Users/yoursigh/Desktop/JAVA/JAVA_Learn/target/test-classes:/Users/yoursigh/Desktop/JAVA/JAVA_Learn/target/classes:/Users/yoursigh/.m2/repository/org/springframework/spring-context/5.3.25/spring-context-5.3.25.jar:/Users/yoursigh/.m2/repository/org/springframework/spring-aop/5.3.25/spring-aop-5.3.25.jar:/Users/yoursigh/.m2/repository/org/springframework/spring-beans/5.3.25/spring-beans-5.3.25.jar:/Users/yoursigh/.m2/repository/org/springframework/spring-core/5.3.25/spring-core-5.3.25.jar:/Users/yoursigh/.m2/repository/org/springframework/spring-jcl/5.3.25/spring-jcl-5.3.25.jar:/Users/yoursigh/.m2/repository/org/springframework/spring-expression/5.3.25/spring-expression-5.3.25.jar:/Users/yoursigh/.m2/repository/junit/junit/3.8.1/junit-3.8.1.jar:"/>
    <property name="java.vm.vendor" value="Amazon.com Inc."/>
    <property name="sun.arch.data.model" value="64"/>
    <property name="java.vendor.url" value="https://aws.amazon.com/corretto/"/>
    <property name="user.timezone" value=""/>
    <property name="java.vm.specification.version" value="1.8"/>
    <property name="os.name" value="Mac OS X"/>
    <property name="user.country" value="CN"/>
    <property name="sun.java.launcher" value="SUN_STANDARD"/>
    <property name="sun.boot.library.path" value="/Users/yoursigh/Library/Java/JavaVirtualMachines/corretto-1.8.0_442/Contents/Home/jre/lib"/>
    <property name="sun.java.command" value="/Users/yoursigh/Desktop/JAVA/JAVA_Learn/target/surefire/surefirebooter-20250311194409100_3.jar /Users/yoursigh/Desktop/JAVA/JAVA_Learn/target/surefire 2025-03-11T19-44-07_021-jvmRun1 surefire-20250311194409100_1tmp surefire_0-20250311194409100_2tmp"/>
    <property name="http.nonProxyHosts" value="127.0.0.1|192.168.0.0/16|*.192.168.0.0/16|10.0.0.0/8|*.10.0.0.0/8|172.16.0.0/12|*.172.16.0.0/12|localhost|*.localhost|local|*.local|crashlytics.com|*.crashlytics.com|&lt;local&gt;|*.&lt;local&gt;"/>
    <property name="surefire.test.class.path" value="/Users/yoursigh/Desktop/JAVA/JAVA_Learn/target/test-classes:/Users/yoursigh/Desktop/JAVA/JAVA_Learn/target/classes:/Users/yoursigh/.m2/repository/org/springframework/spring-context/5.3.25/spring-context-5.3.25.jar:/Users/yoursigh/.m2/repository/org/springframework/spring-aop/5.3.25/spring-aop-5.3.25.jar:/Users/yoursigh/.m2/repository/org/springframework/spring-beans/5.3.25/spring-beans-5.3.25.jar:/Users/yoursigh/.m2/repository/org/springframework/spring-core/5.3.25/spring-core-5.3.25.jar:/Users/yoursigh/.m2/repository/org/springframework/spring-jcl/5.3.25/spring-jcl-5.3.25.jar:/Users/yoursigh/.m2/repository/org/springframework/spring-expression/5.3.25/spring-expression-5.3.25.jar:/Users/yoursigh/.m2/repository/junit/junit/3.8.1/junit-3.8.1.jar:"/>
    <property name="sun.cpu.endian" value="little"/>
    <property name="user.home" value="/Users/yoursigh"/>
    <property name="user.language" value="zh"/>
    <property name="java.specification.vendor" value="Oracle Corporation"/>
    <property name="java.home" value="/Users/yoursigh/Library/Java/JavaVirtualMachines/corretto-1.8.0_442/Contents/Home/jre"/>
    <property name="basedir" value="/Users/yoursigh/Desktop/JAVA/JAVA_Learn"/>
    <property name="file.separator" value="/"/>
    <property name="line.separator" value="&#10;"/>
    <property name="java.vm.specification.vendor" value="Oracle Corporation"/>
    <property name="java.specification.name" value="Java Platform API Specification"/>
    <property name="java.awt.graphicsenv" value="sun.awt.CGraphicsEnvironment"/>
    <property name="surefire.real.class.path" value="/Users/yoursigh/Desktop/JAVA/JAVA_Learn/target/surefire/surefirebooter-20250311194409100_3.jar"/>
    <property name="sun.boot.class.path" value="/Users/yoursigh/Library/Java/JavaVirtualMachines/corretto-1.8.0_442/Contents/Home/jre/lib/resources.jar:/Users/yoursigh/Library/Java/JavaVirtualMachines/corretto-1.8.0_442/Contents/Home/jre/lib/rt.jar:/Users/yoursigh/Library/Java/JavaVirtualMachines/corretto-1.8.0_442/Contents/Home/jre/lib/sunrsasign.jar:/Users/yoursigh/Library/Java/JavaVirtualMachines/corretto-1.8.0_442/Contents/Home/jre/lib/jsse.jar:/Users/yoursigh/Library/Java/JavaVirtualMachines/corretto-1.8.0_442/Contents/Home/jre/lib/jce.jar:/Users/yoursigh/Library/Java/JavaVirtualMachines/corretto-1.8.0_442/Contents/Home/jre/lib/charsets.jar:/Users/yoursigh/Library/Java/JavaVirtualMachines/corretto-1.8.0_442/Contents/Home/jre/lib/jfr.jar:/Users/yoursigh/Library/Java/JavaVirtualMachines/corretto-1.8.0_442/Contents/Home/jre/classes"/>
    <property name="sun.management.compiler" value="HotSpot 64-Bit Tiered Compilers"/>
    <property name="ftp.nonProxyHosts" value="127.0.0.1|192.168.0.0/16|*.192.168.0.0/16|10.0.0.0/8|*.10.0.0.0/8|172.16.0.0/12|*.172.16.0.0/12|localhost|*.localhost|local|*.local|crashlytics.com|*.crashlytics.com|&lt;local&gt;|*.&lt;local&gt;"/>
    <property name="java.runtime.version" value="1.8.0_442-b06"/>
    <property name="user.name" value="yoursigh"/>
    <property name="path.separator" value=":"/>
    <property name="os.version" value="15.2"/>
    <property name="java.endorsed.dirs" value="/Users/yoursigh/Library/Java/JavaVirtualMachines/corretto-1.8.0_442/Contents/Home/jre/lib/endorsed"/>
    <property name="java.runtime.name" value="OpenJDK Runtime Environment"/>
    <property name="file.encoding" value="UTF-8"/>
    <property name="java.vm.name" value="OpenJDK 64-Bit Server VM"/>
    <property name="localRepository" value="/Users/yoursigh/.m2/repository"/>
    <property name="java.vendor.url.bug" value="https://github.com/corretto/corretto-8/issues/"/>
    <property name="java.io.tmpdir" value="/var/folders/5n/br335dq15cbbx8kfgd60wty00000gn/T/"/>
    <property name="java.version" value="1.8.0_442"/>
    <property name="user.dir" value="/Users/yoursigh/Desktop/JAVA/JAVA_Learn"/>
    <property name="os.arch" value="aarch64"/>
    <property name="java.vm.specification.name" value="Java Virtual Machine Specification"/>
    <property name="java.awt.printerjob" value="sun.lwawt.macosx.CPrinterJob"/>
    <property name="sun.os.patch.level" value="unknown"/>
    <property name="java.library.path" value="/Users/yoursigh/Library/Java/Extensions:/Library/Java/Extensions:/Network/Library/Java/Extensions:/System/Library/Java/Extensions:/usr/lib/java:."/>
    <property name="java.vm.info" value="mixed mode"/>
    <property name="java.vendor" value="Amazon.com Inc."/>
    <property name="java.vm.version" value="25.442-b06"/>
    <property name="java.specification.maintenance.version" value="6"/>
    <property name="java.ext.dirs" value="/Users/yoursigh/Library/Java/Extensions:/Users/yoursigh/Library/Java/JavaVirtualMachines/corretto-1.8.0_442/Contents/Home/jre/lib/ext:/Library/Java/Extensions:/Network/Library/Java/Extensions:/System/Library/Java/Extensions:/usr/lib/java"/>
    <property name="sun.io.unicode.encoding" value="UnicodeBig"/>
    <property name="java.class.version" value="52.0"/>
    <property name="socksNonProxyHosts" value="127.0.0.1|192.168.0.0/16|*.192.168.0.0/16|10.0.0.0/8|*.10.0.0.0/8|172.16.0.0/12|*.172.16.0.0/12|localhost|*.localhost|local|*.local|crashlytics.com|*.crashlytics.com|&lt;local&gt;|*.&lt;local&gt;"/>
  </properties>
  <testcase name="testApp" classname="com.learn.AppTest" time="0.0"/>
</testsuite>